# JRE version: Java(TM) SE Runtime Environment (8.0_221-b11) (build 1.8.0_221-b11)
# Java VM: Java HotSpot(TM) 64-Bit Server VM (25.221-b11 mixed mode windows-amd64 compressed oops)
Heap:
 PSYoungGen      total 99328K, used 98816K [0x000000076c500000, 0x0000000778700000, 0x00000007c0000000)
  eden space 98816K, 100% used [0x000000076c500000,0x0000000772580000,0x0000000772580000)
  from space 512K, 0% used [0x0000000778600000,0x0000000778600000,0x0000000778680000)
  to   space 512K, 12% used [0x0000000778680000,0x0000000778690000,0x0000000778700000)
 ParOldGen       total 172032K, used 1715K [0x00000006c4e00000, 0x00000006cf600000, 0x000000076c500000)
  object space 172032K, 0% used [0x00000006c4e00000,0x00000006c4facef0,0x00000006cf600000)
 Metaspace       used 10897K, capacity 11080K, committed 11264K, reserved 1058816K
  class space    used 1372K, capacity 1430K, committed 1536K, reserved 1048576K
GC Heap History (10 events):
Event: 711.864 GC heap after
Heap after GC invocations=4317 (full 0):
 PSYoungGen      total 111616K, used 0K [0x000000076c500000, 0x0000000778700000, 0x00000007c0000000)
  eden space 111104K, 0% used [0x000000076c500000,0x000000076c500000,0x0000000773180000)
  from space 512K, 0% used [0x0000000778600000,0x0000000778600000,0x0000000778680000)
  to   space 512K, 0% used [0x0000000778680000,0x0000000778680000,0x0000000778700000)
 ParOldGen       total 172032K, used 1715K [0x00000006c4e00000, 0x00000006cf600000, 0x000000076c500000)
  object space 172032K, 0% used [0x00000006c4e00000,0x00000006c4facef0,0x00000006cf600000)
 Metaspace       used 10888K, capacity 11080K, committed 11264K, reserved 1058816K
  class space    used 1372K, capacity 1430K, committed 1536K, reserved 1048576K
}
Event: 712.384 GC heap before
{Heap before GC invocations=4318 (full 0):
 PSYoungGen      total 111616K, used 111103K [0x000000076c500000, 0x0000000778700000, 0x00000007c0000000)
  eden space 111104K, 99% used [0x000000076c500000,0x000000077317fff8,0x0000000773180000)
  from space 512K, 0% used [0x0000000778600000,0x0000000778600000,0x0000000778680000)
  to   space 512K, 0% used [0x0000000778680000,0x0000000778680000,0x0000000778700000)
 ParOldGen       total 172032K, used 1715K [0x00000006c4e00000, 0x00000006cf600000, 0x000000076c500000)
  object space 172032K, 0% used [0x00000006c4e00000,0x00000006c4facef0,0x00000006cf600000)
 Metaspace       used 10888K, capacity 11080K, committed 11264K, reserved 1058816K
  class space    used 1372K, capacity 1430K, committed 1536K, reserved 1048576K
Event: 712.385 GC heap after
Heap after GC invocations=4318 (full 0):
 PSYoungGen      total 108544K, used 32K [0x000000076c500000, 0x0000000778700000, 0x00000007c0000000)
  eden space 108032K, 0% used [0x000000076c500000,0x000000076c500000,0x0000000772e80000)
  from space 512K, 6% used [0x0000000778680000,0x0000000778688000,0x0000000778700000)
  to   space 512K, 0% used [0x0000000778600000,0x0000000778600000,0x0000000778680000)
 ParOldGen       total 172032K, used 1715K [0x00000006c4e00000, 0x00000006cf600000, 0x000000076c500000)
  object space 172032K, 0% used [0x00000006c4e00000,0x00000006c4facef0,0x00000006cf600000)
 Metaspace       used 10888K, capacity 11080K, committed 11264K, reserved 1058816K
  class space    used 1372K, capacity 1430K, committed 1536K, reserved 1048576K
}
Event: 712.897 GC heap before
{Heap before GC invocations=4319 (full 0):
 PSYoungGen      total 108544K, used 108063K [0x000000076c500000, 0x0000000778700000, 0x00000007c0000000)
  eden space 108032K, 99% used [0x000000076c500000,0x0000000772e7fff8,0x0000000772e80000)
  from space 512K, 6% used [0x0000000778680000,0x0000000778688000,0x0000000778700000)
  to   space 512K, 0% used [0x0000000778600000,0x0000000778600000,0x0000000778680000)
 ParOldGen       total 172032K, used 1715K [0x00000006c4e00000, 0x00000006cf600000, 0x000000076c500000)
  object space 172032K, 0% used [0x00000006c4e00000,0x00000006c4facef0,0x00000006cf600000)
 Metaspace       used 10888K, capacity 11080K, committed 11264K, reserved 1058816K
  class space    used 1372K, capacity 1430K, committed 1536K, reserved 1048576K
Event: 712.897 GC heap after
Heap after GC invocations=4319 (full 0):
 PSYoungGen      total 105472K, used 0K [0x000000076c500000, 0x0000000778700000, 0x00000007c0000000)
  eden space 104960K, 0% used [0x000000076c500000,0x000000076c500000,0x0000000772b80000)
  from space 512K, 0% used [0x0000000778600000,0x0000000778600000,0x0000000778680000)
  to   space 512K, 0% used [0x0000000778680000,0x0000000778680000,0x0000000778700000)
 ParOldGen       total 172032K, used 1715K [0x00000006c4e00000, 0x00000006cf600000, 0x000000076c500000)
  object space 172032K, 0% used [0x00000006c4e00000,0x00000006c4facef0,0x00000006cf600000)
 Metaspace       used 10888K, capacity 11080K, committed 11264K, reserved 1058816K
  class space    used 1372K, capacity 1430K, committed 1536K, reserved 1048576K
}
Event: 713.395 GC heap before
{Heap before GC invocations=4320 (full 0):
 PSYoungGen      total 105472K, used 104959K [0x000000076c500000, 0x0000000778700000, 0x00000007c0000000)
  eden space 104960K, 99% used [0x000000076c500000,0x0000000772b7fff8,0x0000000772b80000)
  from space 512K, 0% used [0x0000000778600000,0x0000000778600000,0x0000000778680000)
  to   space 512K, 0% used [0x0000000778680000,0x0000000778680000,0x0000000778700000)
 ParOldGen       total 172032K, used 1715K [0x00000006c4e00000, 0x00000006cf600000, 0x000000076c500000)
  object space 172032K, 0% used [0x00000006c4e00000,0x00000006c4facef0,0x00000006cf600000)
 Metaspace       used 10888K, capacity 11080K, committed 11264K, reserved 1058816K
  class space    used 1372K, capacity 1430K, committed 1536K, reserved 1048576K
Event: 713.395 GC heap after
Heap after GC invocations=4320 (full 0):
 PSYoungGen      total 102400K, used 32K [0x000000076c500000, 0x0000000778700000, 0x00000007c0000000)
  eden space 101888K, 0% used [0x000000076c500000,0x000000076c500000,0x0000000772880000)
  from space 512K, 6% used [0x0000000778680000,0x0000000778688000,0x0000000778700000)
  to   space 512K, 0% used [0x0000000778600000,0x0000000778600000,0x0000000778680000)
 ParOldGen       total 172032K, used 1715K [0x00000006c4e00000, 0x00000006cf600000, 0x000000076c500000)
  object space 172032K, 0% used [0x00000006c4e00000,0x00000006c4facef0,0x00000006cf600000)
 Metaspace       used 10888K, capacity 11080K, committed 11264K, reserved 1058816K
  class space    used 1372K, capacity 1430K, committed 1536K, reserved 1048576K
}
Event: 713.885 GC heap before
{Heap before GC invocations=4321 (full 0):
 PSYoungGen      total 102400K, used 101919K [0x000000076c500000, 0x0000000778700000, 0x00000007c0000000)
  eden space 101888K, 99% used [0x000000076c500000,0x000000077287fff8,0x0000000772880000)
  from space 512K, 6% used [0x0000000778680000,0x0000000778688000,0x0000000778700000)
  to   space 512K, 0% used [0x0000000778600000,0x0000000778600000,0x0000000778680000)
 ParOldGen       total 172032K, used 1715K [0x00000006c4e00000, 0x00000006cf600000, 0x000000076c500000)
  object space 172032K, 0% used [0x00000006c4e00000,0x00000006c4facef0,0x00000006cf600000)
 Metaspace       used 10888K, capacity 11080K, committed 11264K, reserved 1058816K
  class space    used 1372K, capacity 1430K, committed 1536K, reserved 1048576K
Event: 713.886 GC heap after
Heap after GC invocations=4321 (full 0):
 PSYoungGen      total 99328K, used 0K [0x000000076c500000, 0x0000000778700000, 0x00000007c0000000)
  eden space 98816K, 0% used [0x000000076c500000,0x000000076c500000,0x0000000772580000)
  from space 512K, 0% used [0x0000000778600000,0x0000000778600000,0x0000000778680000)
  to   space 512K, 0% used [0x0000000778680000,0x0000000778680000,0x0000000778700000)
 ParOldGen       total 172032K, used 1715K [0x00000006c4e00000, 0x00000006cf600000, 0x000000076c500000)
  object space 172032K, 0% used [0x00000006c4e00000,0x00000006c4facef0,0x00000006cf600000)
 Metaspace       used 10888K, capacity 11080K, committed 11264K, reserved 1058816K
  class space    used 1372K, capacity 1430K, committed 1536K, reserved 1048576K
}
Event: 714.449 GC heap before
{Heap before GC invocations=4322 (full 0):
 PSYoungGen      total 99328K, used 98816K [0x000000076c500000, 0x0000000778700000, 0x00000007c0000000)
  eden space 98816K, 100% used [0x000000076c500000,0x0000000772580000,0x0000000772580000)
  from space 512K, 0% used [0x0000000778600000,0x0000000778600000,0x0000000778680000)
  to   space 512K, 0% used [0x0000000778680000,0x0000000778680000,0x0000000778700000)
 ParOldGen       total 172032K, used 1715K [0x00000006c4e00000, 0x00000006cf600000, 0x000000076c500000)
  object space 172032K, 0% used [0x00000006c4e00000,0x00000006c4facef0,0x00000006cf600000)
 Metaspace       used 10897K, capacity 11080K, committed 11264K, reserved 1058816K
  class space    used 1372K, capacity 1430K, committed 1536K, reserved 1048576K

